Removed Pin From Net: NetName=+5 Pin=H11-1
Removed Pin From Net: NetName=GND Pin=H11-3
Removed Pin From Net: NetName=CS Pin=STM1-23
Removed Pin From Net: NetName=RESET Pin=STM1-24
Removed Pin From Net: NetName=D/C Pin=STM1-25
Removed Pin From Net: NetName=T_CS Pin=STM1-27
Removed Pin From Net: NetName=R_6 Pin=STM2-1
Removed Pin From Net: NetName=R_5 Pin=STM2-2
Removed Pin From Net: NetName=R_4 Pin=STM2-3
Removed Pin From Net: NetName=R_3 Pin=STM2-4
Removed Pin From Net: NetName=R_2 Pin=STM2-5
Removed Pin From Net: NetName=UART1_RX Pin=STM2-6
Removed Pin From Net: NetName=UART1_TX Pin=STM2-7
Removed Pin From Net: NetName=R_1 Pin=STM2-8
Removed Pin From Net: NetName=+5 Pin=STM2-18
Removed Pin From Net: NetName=GND Pin=STM2-19
Removed Pin From Net: NetName=B_3.3V Pin=STM2-20
Removed Pin From Net: NetName=VBAT Pin=STM2-21
Removed Pin From Net: NetName=ADC_SCL Pin=STM2-35
Removed Pin From Net: NetName=ADC_SDA Pin=STM2-36
Removed Pin From Net: NetName=GND Pin=STM2-39
Removed Pin From Net: NetName=GND Pin=STM2-40
Removed Pin From Net: NetName=GND Pin=U1-6
Removed Pin From Net: NetName=+5 Pin=U1-9
Removed Pin From Net: NetName=+5 Pin=U1-10
Removed Pin From Net: NetName=GND Pin=U4-9
Removed Pin From Net: NetName=+5 Pin=U4-10
Removed Pin From Net: NetName=GND Pin=U4-15
Removed Pin From Net: NetName=VCC Pin=U4-16
Removed Member From Class: ClassName=Schematic Member=H1
Removed Member From Class: ClassName=Schematic Member=H11
Removed Member From Class: ClassName=Schematic Member=J1
Removed Member From Class: ClassName=Schematic Member=J3
Removed Member From Class: ClassName=Schematic Member=STM2
Removed Member From Class: ClassName=Schematic Member=U1
Removed Member From Class: ClassName=Schematic Member=U4
Added Pin To Net: NetName=UART1_RX Pin=H9-1
Added Pin To Net: NetName=UART1_TX Pin=H9-2
Added Pin To Net: NetName=+5 Pin=J2-01
Added Pin To Net: NetName=+5 Pin=J2-08
Added Pin To Net: NetName=R_3 Pin=STM1-5
Added Pin To Net: NetName=R_4 Pin=STM1-8
Added Pin To Net: NetName=R_5 Pin=STM1-9
Added Pin To Net: NetName=R_6 Pin=STM1-10
Added Pin To Net: NetName=B_3.3V Pin=STM1-20
Added Pin To Net: NetName=R_2 Pin=STM1-25
Added Pin To Net: NetName=R_1 Pin=STM1-26
Added Pin To Net: NetName=D/C Pin=STM1-27
Added Pin To Net: NetName=T_CS Pin=STM1-28
Added Pin To Net: NetName=CS Pin=STM1-29
Added Pin To Net: NetName=RESET Pin=STM1-33
Added Pin To Net: NetName=ADC_SCL Pin=STM1-35
Added Pin To Net: NetName=ADC_SDA Pin=STM1-36
