Removed Pin From Net: NetName=GND Pin=BT1-2
Removed Pin From Net: NetName=GND Pin=C5-2
Removed Pin From Net: NetName=GND Pin=C6-2
Removed Pin From Net: NetName=GND Pin=R10-1
Removed Pin From Net: NetName=R_3 Pin=STM1-5
Removed Pin From Net: NetName=R_4 Pin=STM1-8
Removed Pin From Net: NetName=R_5 Pin=STM1-9
Removed Pin From Net: NetName=R_6 Pin=STM1-10
Removed Pin From Net: NetName=BUTTON1 Pin=STM1-11
Removed Pin From Net: NetName=BUTTON2 Pin=STM1-12
Removed Pin From Net: NetName=BUTTON3 Pin=STM1-13
Removed Pin From Net: NetName=BUTTON4 Pin=STM1-14
Removed Pin From Net: NetName=BUTTON5 Pin=STM1-15
Removed Pin From Net: NetName=BUTTON6 Pin=STM1-16
Removed Pin From Net: NetName=R_2 Pin=STM1-25
Removed Pin From Net: NetName=R_1 Pin=STM1-26
Removed Member From Class: ClassName=Schematic Member=BT1
Removed Member From Class: ClassName=Schematic Member=C5
Removed Member From Class: ClassName=Schematic Member=C6
Removed Member From Class: ClassName=Schematic Member=D1
Removed Member From Class: ClassName=Schematic Member=D2
Removed Member From Class: ClassName=Schematic Member=R10
Added Pin To Net: NetName=R_1 Pin=STM1-5
Added Pin To Net: NetName=R_2 Pin=STM1-8
Added Pin To Net: NetName=R_3 Pin=STM1-9
Added Pin To Net: NetName=R_4 Pin=STM1-10
Added Pin To Net: NetName=R_5 Pin=STM1-11
Added Pin To Net: NetName=BUTTON1 Pin=STM1-12
Added Pin To Net: NetName=BUTTON2 Pin=STM1-13
Added Pin To Net: NetName=BUTTON3 Pin=STM1-14
Added Pin To Net: NetName=BUTTON4 Pin=STM1-15
Added Pin To Net: NetName=BUTTON5 Pin=STM1-16
Added Pin To Net: NetName=BUTTON6 Pin=STM1-17
Added Pin To Net: NetName=R_6 Pin=STM1-26
